Sat Aug 27 08:10:57 2016
Sat Dec  6 22:28:37 1969
getDate 6
getDay 6
getFullYear 1969
getHours 22
getMilliseconds 0
getMinutes 28
getMonth 11
getSeconds 37
getTime -2147483648
getTimezoneOffset 0
getUTCDate 6
getUTCDay 6
getUTCFullYear 1969
getUTCHours 22
getUTCMilliseconds 0
getUTCMinutes 28
getUTCMonth 11
getUTCSeconds 37
getYear 69
Sat Dec  6 22:28:37 1969
Sun Dec  6 22:28:37 65
Sun Dec  6 11:28:37 65
Sun Dec  6 11:28:37 65
Sun Dec  6 11:45:37 65
Fri Mar  6 11:45:37 65
Fri Mar  6 11:45:32 65
Fri Mar  6 11:45:32 65
Fri Mar  6 11:45:32 65
Fri Mar  6 11:45:32 65
Fri Mar  6 11:45:32 65
Fri Mar  6 11:45:32 65
Fri Mar  6 11:45:32 65
Fri Mar  6 11:45:32 65
Fri Mar  6 11:45:32 65
Mon Mar  6 11:45:32 1865
toDateString Mon Mar 06 1865
toGMTString Mon Mar  6 11:45:32 1865
toISOString 1865-03-06TMar:45:-3307850306.0Z
toJSON 1865-03-06TMar:45:-3307850306.0Z
toLocalDateString Mon Mar 06 1865
toLocalFormat Mon Mar  6 11:45:32 1865
toLocalTimeString Mar:45:-3307850306 LMT
toString Mon Mar  6 11:45:32 1865
toTimeString Mar:45:-3307850306 LMT
toUTCString Mon Mar  6 11:45:32 1865
valueOf -3307850306000
